<?xml version="1.0" encoding="UTF-8"?>
<testsuite xmlns:xsi="http://www.w3.org/2001/XMLSchema-instance" xsi:noNamespaceSchemaLocation="https://maven.apache.org/surefire/maven-surefire-plugin/xsd/surefire-test-report-3.0.xsd" version="3.0" name="TestRunner.TestRunner" time="414.073" tests="2" errors="1" skipped="0" failures="0">
  <properties>
[...]
</properties>
  <testcase name="Lokasyon Kontrolu" classname="Hepsiburada Case File" time="78.811">
    <system-out><![CDATA[2021-12-26 21:31:52,915 main DEBUG Initializing configuration XmlConfiguration[location=C:\Users\EVPC\IdeaProjects\hepsiburadaCase\target\classes\log4j2.xml]
2021-12-26 21:31:52,918 main DEBUG Installed script engines
2021-12-26 21:31:53,164 main DEBUG Oracle Nashorn Version: 1.8.0_271, Language: ECMAScript, Threading: Not Thread Safe, Compile: true, Names: {nashorn, Nashorn, js, JS, JavaScript, javascript, ECMAScript, ecmascript}
2021-12-26 21:31:53,165 main DEBUG PluginManager 'Core' found 97 plugins
2021-12-26 21:31:53,166 main DEBUG PluginManager 'Level' found 0 plugins
2021-12-26 21:31:53,170 main DEBUG No scheduled items
2021-12-26 21:31:53,170 main DEBUG PluginManager 'Lookup' found 13 plugins
2021-12-26 21:31:53,171 main DEBUG Building Plugin[name=layout, class=org.apache.logging.log4j.core.layout.PatternLayout].
2021-12-26 21:31:53,180 main DEBUG PluginManager 'TypeConverter' found 23 plugins
2021-12-26 21:31:53,192 main DEBUG PatternLayout$Builder(pattern="%d{HH:mm:ss.SSS} [%t] %-5level %logger{36} - %msg%n", PatternSelector=null, Configuration(C:\Users\EVPC\IdeaProjects\hepsiburadaCase\target\classes\log4j2.xml), Replace=null, charset="null", alwaysWriteExceptions="null", noConsoleNoAnsi="null", header="null", footer="null")
2021-12-26 21:31:53,193 main DEBUG PluginManager 'Converter' found 38 plugins
2021-12-26 21:31:53,194 main DEBUG Building Plugin[name=appender, class=org.apache.logging.log4j.core.appender.ConsoleAppender].
2021-12-26 21:31:53,196 main DEBUG Not in a ServletContext environment, thus not loading WebLookup plugin.
2021-12-26 21:31:53,197 main DEBUG PluginManager 'Converter' found 38 plugins
2021-12-26 21:31:53,198 main DEBUG Jansi is not installed, cannot find org.fusesource.jansi.WindowsAnsiOutputStream
2021-12-26 21:31:53,199 main DEBUG Starting OutputStreamManager SYSTEM_OUT.false-2
2021-12-26 21:31:53,205 main DEBUG ConsoleAppender$Builder(PatternLayout(%d{HH:mm:ss.SSS} [%t] %-5level %logger{36} - %msg%n), Filter=null, target="SYSTEM_OUT", name="Console", follow="null", ignoreExceptions="null")
2021-12-26 21:31:53,206 main DEBUG Jansi is not installed, cannot find org.fusesource.jansi.WindowsAnsiOutputStream
2021-12-26 21:31:53,207 main DEBUG Starting OutputStreamManager SYSTEM_OUT.false
2021-12-26 21:31:53,207 main DEBUG Building Plugin[name=layout, class=org.apache.logging.log4j.core.layout.PatternLayout].
2021-12-26 21:31:53,208 main DEBUG PatternLayout$Builder(pattern="%d{yyy-MM-dd HH:mm:ss.SSS} [%t] %-5level %logger{36} - %msg%n", PatternSelector=null, Configuration(C:\Users\EVPC\IdeaProjects\hepsiburadaCase\target\classes\log4j2.xml), Replace=null, charset="null", alwaysWriteExceptions="null", noConsoleNoAnsi="null", header="null", footer="null")
2021-12-26 21:31:53,221 main DEBUG Building Plugin[name=appender, class=org.apache.logging.log4j.core.appender.FileAppender].
2021-12-26 21:31:53,225 main DEBUG createAppender(fileName="logs/test.log", append="true", locking="null", name="MyFile", immediateFlush="false", ignoreExceptions="null", bufferedIo="null", bufferSize="null", PatternLayout(%d{yyy-MM-dd HH:mm:ss.SSS} [%t] %-5level %logger{36} - %msg%n), Filter=null, advertise="null", advertiseUri="null", Configuration(C:\Users\EVPC\IdeaProjects\hepsiburadaCase\target\classes\log4j2.xml))
2021-12-26 21:31:53,228 main DEBUG Starting FileManager logs/test.log
2021-12-26 21:31:53,229 main DEBUG Building Plugin[name=appenders, class=org.apache.logging.log4j.core.config.AppendersPlugin].
2021-12-26 21:31:53,229 main DEBUG createAppenders(={Console, MyFile})
2021-12-26 21:31:53,230 main DEBUG Building Plugin[name=AppenderRef, class=org.apache.logging.log4j.core.config.AppenderRef].
2021-12-26 21:31:53,230 main DEBUG createAppenderRef(ref="Console", level="null", Filter=null)
2021-12-26 21:31:53,231 main DEBUG Building Plugin[name=AppenderRef, class=org.apache.logging.log4j.core.config.AppenderRef].
2021-12-26 21:31:53,232 main DEBUG createAppenderRef(ref="MyFile", level="null", Filter=null)
2021-12-26 21:31:53,232 main DEBUG Building Plugin[name=root, class=org.apache.logging.log4j.core.config.LoggerConfig$RootLogger].
2021-12-26 21:31:53,233 main DEBUG createLogger(additivity="null", level="DEBUG", includeLocation="null", ={Console, MyFile}, ={}, Configuration(C:\Users\EVPC\IdeaProjects\hepsiburadaCase\target\classes\log4j2.xml), Filter=null)
2021-12-26 21:31:53,235 main DEBUG Building Plugin[name=loggers, class=org.apache.logging.log4j.core.config.LoggersPlugin].
2021-12-26 21:31:53,236 main DEBUG createLoggers(={root})
2021-12-26 21:31:53,236 main DEBUG Configuration XmlConfiguration[location=C:\Users\EVPC\IdeaProjects\hepsiburadaCase\target\classes\log4j2.xml] initialized
2021-12-26 21:31:53,237 main DEBUG Starting configuration XmlConfiguration[location=C:\Users\EVPC\IdeaProjects\hepsiburadaCase\target\classes\log4j2.xml]
2021-12-26 21:31:53,237 main DEBUG Started configuration XmlConfiguration[location=C:\Users\EVPC\IdeaProjects\hepsiburadaCase\target\classes\log4j2.xml] OK.
2021-12-26 21:31:53,237 main DEBUG Shutting down OutputStreamManager SYSTEM_OUT.false-1
2021-12-26 21:31:53,238 main DEBUG Stopped org.apache.logging.log4j.core.config.DefaultConfiguration@7d373bcf OK
2021-12-26 21:31:53,274 main DEBUG Registering MBean org.apache.logging.log4j2:type=330bedb4
2021-12-26 21:31:53,277 main DEBUG Registering MBean org.apache.logging.log4j2:type=330bedb4,component=StatusLogger
2021-12-26 21:31:53,278 main DEBUG Registering MBean org.apache.logging.log4j2:type=330bedb4,component=ContextSelector
2021-12-26 21:31:53,279 main DEBUG Registering MBean org.apache.logging.log4j2:type=330bedb4,component=Loggers,name=
2021-12-26 21:31:53,280 main DEBUG Registering MBean org.apache.logging.log4j2:type=330bedb4,component=Appenders,name=MyFile
2021-12-26 21:31:53,280 main DEBUG Registering MBean org.apache.logging.log4j2:type=330bedb4,component=Appenders,name=Console
2021-12-26 21:31:53,283 main DEBUG Reconfiguration complete for context[name=330bedb4] at URI C:\Users\EVPC\IdeaProjects\hepsiburadaCase\target\classes\log4j2.xml (org.apache.logging.log4j.core.LoggerContext@293cde83) with optional ClassLoader: null
2021-12-26 21:31:53,283 main DEBUG Shutdown hook enabled. Registering a new one.
2021-12-26 21:31:53,284 main DEBUG LoggerContext[name=330bedb4, org.apache.logging.log4j.core.LoggerContext@293cde83] started OK.
21:31:57.497 [main] INFO  Pages.MainPage - Clicked on Location
21:31:57.658 [main] INFO  Pages.MainPage - Clicked on City Selector
21:32:21.715 [main] INFO  Pages.MainPage - Item selected: İstanbul
21:32:22.356 [main] INFO  Pages.MainPage - Clicked on Town Selector
21:32:28.158 [main] INFO  Pages.MainPage - Item selected: Beşiktaş
21:32:28.807 [main] INFO  Pages.MainPage - Clicked on District Selector
21:32:41.005 [main] INFO  Pages.MainPage - Item selected: Yıldız
21:32:41.668 [main] INFO  Pages.MainPage - Clicked on save location
21:32:42.414 [main] INFO  Pages.MainPage - Location saved successfully
21:32:45.407 [main] INFO  Pages.MainPage - Clicked on categories
21:32:47.698 [main] INFO  Pages.CategoriesPage - Random Category Number : 4
21:32:51.997 [main] INFO  Pages.CategoryPage - TextView Location: İstanbul
]]></system-out>
    <system-err><![CDATA[Ara 26, 2021 9:31:52 PM io.appium.java_client.remote.AppiumCommandExecutor$1 lambda$0
INFO: Detected dialect: W3C
]]></system-err>
  </testcase>
  <testcase name="Super Fiyat Favoriler" classname="Hepsiburada Case File" time="335.183">
    <error type="org.openqa.selenium.NoSuchElementException"><![CDATA[org.openqa.selenium.NoSuchElementException: Can't locate an element by this strategy: By.chained({By.id: com.pozitron.hepsiburada:id/price})
Caused by: org.openqa.selenium.TimeoutException: Expected condition failed: waiting for io.appium.java_client.pagefactory.AppiumElementLocator$WaitingFunction@1e43e323 (tried for 1 second(s) with 500 milliseconds interval)
Caused by: org.openqa.selenium.NoSuchElementException: 
Cannot locate an element using By.chained({By.id: com.pozitron.hepsiburada:id/price})
For documentation on this error, please visit: https://www.seleniumhq.org/exceptions/no_such_element.html
Build info: version: '3.141.59', revision: 'e82be7d358', time: '2018-11-14T08:17:03'
System info: host: 'DESKTOP-RSVC8JN', ip: '192.168.2.176', os.name: 'Windows 10', os.arch: 'amd64', os.version: '10.0', java.version: '1.8.0_271'
Driver info: driver.version: AndroidDriver
]]></error>
    <system-out><![CDATA[21:33:17.896 [main] INFO  Pages.MainPage - Clicked on super prices
21:33:18.689 [main] INFO  Pages.SuperPricePage - Selected item with multiple images
21:34:08.045 [main] INFO  Pages.ProductPage - Scrolled until the end
21:34:08.283 [main] INFO  Pages.ProductPage - Clicked on back button
21:35:31.986 [main] INFO  Pages.ProductPage - Clicked on favorites button
21:35:43.811 [main] INFO  Pages.LoginPage - Login Successful for armagansadikoglu@hotmail.com
21:36:05.368 [main] INFO  Pages.ProductPage - Clicked on back button
21:36:05.473 [main] INFO  Pages.MainPage - Clicked on my list
21:36:36.161 [main] INFO  Pages.ListPage - Recorded Price4.299,00 TL
21:36:36.161 [main] INFO  Pages.ListPage - Recorded TitleXiaomi Mi Robot Vacuum Mop Pro Beyaz - Akıllı Robot Süpürge
21:37:06.811 [main] INFO  Pages.ListPage - Item Price24,68 TL
21:37:37.168 [main] INFO  Pages.ListPage - Item TitleCaseart Samsung Galaxy M32 Temperli Ekran Koruyucu Kırılmaz Cam
21:38:08.161 [main] INFO  Pages.ProductPage - Clicked on back button
]]></system-out>
    <system-err><![CDATA[Ara 26, 2021 9:33:09 PM io.appium.java_client.remote.AppiumCommandExecutor$1 lambda$0
INFO: Detected dialect: W3C
]]></system-err>
  </testcase>
</testsuite>